[2021-01-28 10:17:10] local.ERROR: View [index] not found. {"exception":"[object] (InvalidArgumentException(code: 0): View [index] not found. at /Users/varshabairwa/.bitnami/stackman/machines/xampp/volumes/root/htdocs/satta/vendor/laravel/framework/src/Illuminate/View/FileViewFinder.php:137)
[stacktrace]
#0 /Users/varshabairwa/.bitnami/stackman/machines/xampp/volumes/root/htdocs/satta/vendor/laravel/framework/src/Illuminate/View/FileViewFinder.php(79): Illuminate\\View\\FileViewFinder->findInPaths('index', Array)
#1 /Users/varshabairwa/.bitnami/stackman/machines/xampp/volumes/root/htdocs/satta/vendor/laravel/framework/src/Illuminate/View/Factory.php(138): Illuminate\\View\\FileViewFinder->find('index')
#2 /Users/varshabairwa/.bitnami/stackman/machines/xampp/volumes/root/htdocs/satta/vendor/laravel/framework/src/Illuminate/Foundation/helpers.php(897): Illuminate\\View\\Factory->make('index', Array, Array)
#3 closure://function () {
    return \\view('index');
}(3): view('index')
#4 /Users/varshabairwa/.bitnami/stackman/machines/xampp/volumes/root/htdocs/satta/vendor/laravel/framework/src/Illuminate/Routing/Route.php(230): Illuminate\\Routing\\RouteFileRegistrar::{closure}()
#5 /Users/varshabairwa/.bitnami/stackman/machines/xampp/volumes/root/htdocs/satta/vendor/laravel/framework/src/Illuminate/Routing/Route.php(200): Illuminate\\Routing\\Route->runCallable()
#6 /Users/varshabairwa/.bitnami/stackman/machines/xampp/volumes/root/htdocs/satta/vendor/laravel/framework/src/Illuminate/Routing/Router.php(692): Illuminate\\Routing\\Route->run()
#7 /Users/varshabairwa/.bitnami/stackman/machines/xampp/volumes/root/htdocs/satta/vendor/laravel/framework/src/Illuminate/Pipeline/Pipeline.php(128): Illuminate\\Routing\\Router->Illuminate\\Routing\\{closure}(Object(Illuminate\\Http\\Request))
#8 /Users/varshabairwa/.bitnami/stackman/machines/xampp/volumes/root/htdocs/satta/vendor/laravel/framework/src/Illuminate/Routing/Middleware/SubstituteBindings.php(41): Illuminate\\Pipeline\\Pipeline->Illuminate\\Pipeline\\{closure}(Object(Illuminate\\Http\\Request))
#9 /Users/varshabairwa/.bitnami/stackman/machines/xampp/volumes/root/htdocs/satta/vendor/laravel/framework/src/Illuminate/Pipeline/Pipeline.php(167): Illuminate\\Routing\\Middleware\\SubstituteBindings->handle(Object(Illuminate\\Http\\Request), Object(Closure))
#10 /Users/varshabairwa/.bitnami/stackman/machines/xampp/volumes/root/htdocs/satta/vendor/laravel/framework/src/Illuminate/Foundation/Http/Middleware/VerifyCsrfToken.php(78): Illuminate\\Pipeline\\Pipeline->Illuminate\\Pipeline\\{closure}(Object(Illuminate\\Http\\Request))
#11 /Users/varshabairwa/.bitnami/stackman/machines/xampp/volumes/root/htdocs/satta/vendor/laravel/framework/src/Illuminate/Pipeline/Pipeline.php(167): Illuminate\\Foundation\\Http\\Middleware\\VerifyCsrfToken->handle(Object(Illuminate\\Http\\Request), Object(Closure))
#12 /Users/varshabairwa/.bitnami/stackman/machines/xampp/volumes/root/htdocs/satta/vendor/laravel/framework/src/Illuminate/View/Middleware/ShareErrorsFromSession.php(49): Illuminate\\Pipeline\\Pipeline->Illuminate\\Pipeline\\{closure}(Object(Illuminate\\Http\\Request))
#13 /Users/varshabairwa/.bitnami/stackman/machines/xampp/volumes/root/htdocs/satta/vendor/laravel/framework/src/Illuminate/Pipeline/Pipeline.php(167): Illuminate\\View\\Middleware\\ShareErrorsFromSession->handle(Object(Illuminate\\Http\\Request), Object(Closure))
#14 /Users/varshabairwa/.bitnami/stackman/machines/xampp/volumes/root/htdocs/satta/vendor/laravel/framework/src/Illuminate/Session/Middleware/StartSession.php(121): Illuminate\\Pipeline\\Pipeline->Illuminate\\Pipeline\\{closure}(Object(Illuminate\\Http\\Request))
#15 /Users/varshabairwa/.bitnami/stackman/machines/xampp/volumes/root/htdocs/satta/vendor/laravel/framework/src/Illuminate/Session/Middleware/StartSession.php(63): Illuminate\\Session\\Middleware\\StartSession->handleStatefulRequest(Object(Illuminate\\Http\\Request), Object(Illuminate\\Session\\Store), Object(Closure))
#16 /Users/varshabairwa/.bitnami/stackman/machines/xampp/volumes/root/htdocs/satta/vendor/laravel/framework/src/Illuminate/Pipeline/Pipeline.php(167): Illuminate\\Session\\Middleware\\StartSession->handle(Object(Illuminate\\Http\\Request), Object(Closure))
#17 /Users/varshabairwa/.bitnami/stackman/machines/xampp/volumes/root/htdocs/satta/vendor/laravel/framework/src/Illuminate/Cookie/Middleware/AddQueuedCookiesToResponse.php(37): Illuminate\\Pipeline\\Pipeline->Illuminate\\Pipeline\\{closure}(Object(Illuminate\\Http\\Request))
#18 /Users/varshabairwa/.bitnami/stackman/machines/xampp/volumes/root/htdocs/satta/vendor/laravel/framework/src/Illuminate/Pipeline/Pipeline.php(167): Illuminate\\Cookie\\Middleware\\AddQueuedCookiesToResponse->handle(Object(Illuminate\\Http\\Request), Object(Closure))
#19 /Users/varshabairwa/.bitnami/stackman/machines/xampp/volumes/root/htdocs/satta/vendor/laravel/framework/src/Illuminate/Cookie/Middleware/EncryptCookies.php(67): Illuminate\\Pipeline\\Pipeline->Illuminate\\Pipeline\\{closure}(Object(Illuminate\\Http\\Request))
#20 /Users/varshabairwa/.bitnami/stackman/machines/xampp/volumes/root/htdocs/satta/vendor/laravel/framework/src/Illuminate/Pipeline/Pipeline.php(167): Illuminate\\Cookie\\Middleware\\EncryptCookies->handle(Object(Illuminate\\Http\\Request), Object(Closure))
#21 /Users/varshabairwa/.bitnami/stackman/machines/xampp/volumes/root/htdocs/satta/vendor/laravel/framework/src/Illuminate/Pipeline/Pipeline.php(103): Illuminate\\Pipeline\\Pipeline->Illuminate\\Pipeline\\{closure}(Object(Illuminate\\Http\\Request))
#22 /Users/varshabairwa/.bitnami/stackman/machines/xampp/volumes/root/htdocs/satta/vendor/laravel/framework/src/Illuminate/Routing/Router.php(694): Illuminate\\Pipeline\\Pipeline->then(Object(Closure))
#23 /Users/varshabairwa/.bitnami/stackman/machines/xampp/volumes/root/htdocs/satta/vendor/laravel/framework/src/Illuminate/Routing/Router.php(669): Illuminate\\Routing\\Router->runRouteWithinStack(Object(Illuminate\\Routing\\Route), Object(Illuminate\\Http\\Request))
#24 /Users/varshabairwa/.bitnami/stackman/machines/xampp/volumes/root/htdocs/satta/vendor/laravel/framework/src/Illuminate/Routing/Router.php(635): Illuminate\\Routing\\Router->runRoute(Object(Illuminate\\Http\\Request), Object(Illuminate\\Routing\\Route))
#25 /Users/varshabairwa/.bitnami/stackman/machines/xampp/volumes/root/htdocs/satta/vendor/laravel/framework/src/Illuminate/Routing/Router.php(624): Illuminate\\Routing\\Router->dispatchToRoute(Object(Illuminate\\Http\\Request))
#26 /Users/varshabairwa/.bitnami/stackman/machines/xampp/volumes/root/htdocs/satta/vendor/laravel/framework/src/Illuminate/Foundation/Http/Kernel.php(166): Illuminate\\Routing\\Router->dispatch(Object(Illuminate\\Http\\Request))
#27 /Users/varshabairwa/.bitnami/stackman/machines/xampp/volumes/root/htdocs/satta/vendor/laravel/framework/src/Illuminate/Pipeline/Pipeline.php(128): Illuminate\\Foundation\\Http\\Kernel->Illuminate\\Foundation\\Http\\{closure}(Object(Illuminate\\Http\\Request))
#28 /Users/varshabairwa/.bitnami/stackman/machines/xampp/volumes/root/htdocs/satta/vendor/laravel/framework/src/Illuminate/Foundation/Http/Middleware/TransformsRequest.php(21): Illuminate\\Pipeline\\Pipeline->Illuminate\\Pipeline\\{closure}(Object(Illuminate\\Http\\Request))
#29 /Users/varshabairwa/.bitnami/stackman/machines/xampp/volumes/root/htdocs/satta/vendor/laravel/framework/src/Illuminate/Pipeline/Pipeline.php(167): Illuminate\\Foundation\\Http\\Middleware\\TransformsRequest->handle(Object(Illuminate\\Http\\Request), Object(Closure))
#30 /Users/varshabairwa/.bitnami/stackman/machines/xampp/volumes/root/htdocs/satta/vendor/laravel/framework/src/Illuminate/Foundation/Http/Middleware/TransformsRequest.php(21): Illuminate\\Pipeline\\Pipeline->Illuminate\\Pipeline\\{closure}(Object(Illuminate\\Http\\Request))
#31 /Users/varshabairwa/.bitnami/stackman/machines/xampp/volumes/root/htdocs/satta/vendor/laravel/framework/src/Illuminate/Pipeline/Pipeline.php(167): Illuminate\\Foundation\\Http\\Middleware\\TransformsRequest->handle(Object(Illuminate\\Http\\Request), Object(Closure))
#32 /Users/varshabairwa/.bitnami/stackman/machines/xampp/volumes/root/htdocs/satta/vendor/laravel/framework/src/Illuminate/Foundation/Http/Middleware/ValidatePostSize.php(27): Illuminate\\Pipeline\\Pipeline->Illuminate\\Pipeline\\{closure}(Object(Illuminate\\Http\\Request))
#33 /Users/varshabairwa/.bitnami/stackman/machines/xampp/volumes/root/htdocs/satta/vendor/laravel/framework/src/Illuminate/Pipeline/Pipeline.php(167): Illuminate\\Foundation\\Http\\Middleware\\ValidatePostSize->handle(Object(Illuminate\\Http\\Request), Object(Closure))
#34 /Users/varshabairwa/.bitnami/stackman/machines/xampp/volumes/root/htdocs/satta/vendor/laravel/framework/src/Illuminate/Foundation/Http/Middleware/PreventRequestsDuringMaintenance.php(86): Illuminate\\Pipeline\\Pipeline->Illuminate\\Pipeline\\{closure}(Object(Illuminate\\Http\\Request))
#35 /Users/varshabairwa/.bitnami/stackman/machines/xampp/volumes/root/htdocs/satta/vendor/laravel/framework/src/Illuminate/Pipeline/Pipeline.php(167): Illuminate\\Foundation\\Http\\Middleware\\PreventRequestsDuringMaintenance->handle(Object(Illuminate\\Http\\Request), Object(Closure))
#36 /Users/varshabairwa/.bitnami/stackman/machines/xampp/volumes/root/htdocs/satta/vendor/fruitcake/laravel-cors/src/HandleCors.php(37): Illuminate\\Pipeline\\Pipeline->Illuminate\\Pipeline\\{closure}(Object(Illuminate\\Http\\Request))
#37 /Users/varshabairwa/.bitnami/stackman/machines/xampp/volumes/root/htdocs/satta/vendor/laravel/framework/src/Illuminate/Pipeline/Pipeline.php(167): Fruitcake\\Cors\\HandleCors->handle(Object(Illuminate\\Http\\Request), Object(Closure))
#38 /Users/varshabairwa/.bitnami/stackman/machines/xampp/volumes/root/htdocs/satta/vendor/fideloper/proxy/src/TrustProxies.php(57): Illuminate\\Pipeline\\Pipeline->Illuminate\\Pipeline\\{closure}(Object(Illuminate\\Http\\Request))
#39 /Users/varshabairwa/.bitnami/stackman/machines/xampp/volumes/root/htdocs/satta/vendor/laravel/framework/src/Illuminate/Pipeline/Pipeline.php(167): Fideloper\\Proxy\\TrustProxies->handle(Object(Illuminate\\Http\\Request), Object(Closure))
#40 /Users/varshabairwa/.bitnami/stackman/machines/xampp/volumes/root/htdocs/satta/vendor/laravel/framework/src/Illuminate/Pipeline/Pipeline.php(103): Illuminate\\Pipeline\\Pipeline->Illuminate\\Pipeline\\{closure}(Object(Illuminate\\Http\\Request))
#41 /Users/varshabairwa/.bitnami/stackman/machines/xampp/volumes/root/htdocs/satta/vendor/laravel/framework/src/Illuminate/Foundation/Http/Kernel.php(141): Illuminate\\Pipeline\\Pipeline->then(Object(Closure))
#42 /Users/varshabairwa/.bitnami/stackman/machines/xampp/volumes/root/htdocs/satta/vendor/laravel/framework/src/Illuminate/Foundation/Http/Kernel.php(110): Illuminate\\Foundation\\Http\\Kernel->sendRequestThroughRouter(Object(Illuminate\\Http\\Request))
#43 /Users/varshabairwa/.bitnami/stackman/machines/xampp/volumes/root/htdocs/satta/public/index.php(52): Illuminate\\Foundation\\Http\\Kernel->handle(Object(Illuminate\\Http\\Request))
#44 /Users/varshabairwa/.bitnami/stackman/machines/xampp/volumes/root/htdocs/satta/server.php(21): require_once('/Users/varshaba...')
#45 {main}
"} 
[2021-01-28 10:17:10] local.ERROR: file_put_contents(C:\xampp\htdocs\satta\storage\framework/sessions/wEXj3QWbEGZdPFfvWYV5B8uRhfxfh2UM8j6RMOX2): failed to open stream: No such file or directory {"exception":"[object] (ErrorException(code: 0): file_put_contents(C:\\xampp\\htdocs\\satta\\storage\\framework/sessions/wEXj3QWbEGZdPFfvWYV5B8uRhfxfh2UM8j6RMOX2): failed to open stream: No such file or directory at /Users/varshabairwa/.bitnami/stackman/machines/xampp/volumes/root/htdocs/satta/vendor/laravel/framework/src/Illuminate/Filesystem/Filesystem.php:185)
[stacktrace]
#0 [internal function]: Illuminate\\Foundation\\Bootstrap\\HandleExceptions->handleError(2, 'file_put_conten...', '/Users/varshaba...', 185, Array)
#1 /Users/varshabairwa/.bitnami/stackman/machines/xampp/volumes/root/htdocs/satta/vendor/laravel/framework/src/Illuminate/Filesystem/Filesystem.php(185): file_put_contents('C:\\\\xampp\\\\htdocs...', 'a:3:{s:6:\"_toke...', 2)
#2 /Users/varshabairwa/.bitnami/stackman/machines/xampp/volumes/root/htdocs/satta/vendor/laravel/framework/src/Illuminate/Session/FileSessionHandler.php(83): Illuminate\\Filesystem\\Filesystem->put('C:\\\\xampp\\\\htdocs...', 'a:3:{s:6:\"_toke...', true)
#3 /Users/varshabairwa/.bitnami/stackman/machines/xampp/volumes/root/htdocs/satta/vendor/laravel/framework/src/Illuminate/Session/Store.php(129): Illuminate\\Session\\FileSessionHandler->write('wEXj3QWbEGZdPFf...', 'a:3:{s:6:\"_toke...')
#4 /Users/varshabairwa/.bitnami/stackman/machines/xampp/volumes/root/htdocs/satta/vendor/laravel/framework/src/Illuminate/Session/Middleware/StartSession.php(236): Illuminate\\Session\\Store->save()
#5 /Users/varshabairwa/.bitnami/stackman/machines/xampp/volumes/root/htdocs/satta/vendor/laravel/framework/src/Illuminate/Session/Middleware/StartSession.php(130): Illuminate\\Session\\Middleware\\StartSession->saveSession(Object(Illuminate\\Http\\Request))
#6 /Users/varshabairwa/.bitnami/stackman/machines/xampp/volumes/root/htdocs/satta/vendor/laravel/framework/src/Illuminate/Session/Middleware/StartSession.php(63): Illuminate\\Session\\Middleware\\StartSession->handleStatefulRequest(Object(Illuminate\\Http\\Request), Object(Illuminate\\Session\\Store), Object(Closure))
#7 /Users/varshabairwa/.bitnami/stackman/machines/xampp/volumes/root/htdocs/satta/vendor/laravel/framework/src/Illuminate/Pipeline/Pipeline.php(167): Illuminate\\Session\\Middleware\\StartSession->handle(Object(Illuminate\\Http\\Request), Object(Closure))
#8 /Users/varshabairwa/.bitnami/stackman/machines/xampp/volumes/root/htdocs/satta/vendor/laravel/framework/src/Illuminate/Cookie/Middleware/AddQueuedCookiesToResponse.php(37): Illuminate\\Pipeline\\Pipeline->Illuminate\\Pipeline\\{closure}(Object(Illuminate\\Http\\Request))
#9 /Users/varshabairwa/.bitnami/stackman/machines/xampp/volumes/root/htdocs/satta/vendor/laravel/framework/src/Illuminate/Pipeline/Pipeline.php(167): Illuminate\\Cookie\\Middleware\\AddQueuedCookiesToResponse->handle(Object(Illuminate\\Http\\Request), Object(Closure))
#10 /Users/varshabairwa/.bitnami/stackman/machines/xampp/volumes/root/htdocs/satta/vendor/laravel/framework/src/Illuminate/Cookie/Middleware/EncryptCookies.php(67): Illuminate\\Pipeline\\Pipeline->Illuminate\\Pipeline\\{closure}(Object(Illuminate\\Http\\Request))
#11 /Users/varshabairwa/.bitnami/stackman/machines/xampp/volumes/root/htdocs/satta/vendor/laravel/framework/src/Illuminate/Pipeline/Pipeline.php(167): Illuminate\\Cookie\\Middleware\\EncryptCookies->handle(Object(Illuminate\\Http\\Request), Object(Closure))
#12 /Users/varshabairwa/.bitnami/stackman/machines/xampp/volumes/root/htdocs/satta/vendor/laravel/framework/src/Illuminate/Pipeline/Pipeline.php(103): Illuminate\\Pipeline\\Pipeline->Illuminate\\Pipeline\\{closure}(Object(Illuminate\\Http\\Request))
#13 /Users/varshabairwa/.bitnami/stackman/machines/xampp/volumes/root/htdocs/satta/vendor/laravel/framework/src/Illuminate/Routing/Router.php(694): Illuminate\\Pipeline\\Pipeline->then(Object(Closure))
#14 /Users/varshabairwa/.bitnami/stackman/machines/xampp/volumes/root/htdocs/satta/vendor/laravel/framework/src/Illuminate/Routing/Router.php(669): Illuminate\\Routing\\Router->runRouteWithinStack(Object(Illuminate\\Routing\\Route), Object(Illuminate\\Http\\Request))
#15 /Users/varshabairwa/.bitnami/stackman/machines/xampp/volumes/root/htdocs/satta/vendor/laravel/framework/src/Illuminate/Routing/Router.php(635): Illuminate\\Routing\\Router->runRoute(Object(Illuminate\\Http\\Request), Object(Illuminate\\Routing\\Route))
#16 /Users/varshabairwa/.bitnami/stackman/machines/xampp/volumes/root/htdocs/satta/vendor/laravel/framework/src/Illuminate/Routing/Router.php(624): Illuminate\\Routing\\Router->dispatchToRoute(Object(Illuminate\\Http\\Request))
#17 /Users/varshabairwa/.bitnami/stackman/machines/xampp/volumes/root/htdocs/satta/vendor/laravel/framework/src/Illuminate/Foundation/Http/Kernel.php(166): Illuminate\\Routing\\Router->dispatch(Object(Illuminate\\Http\\Request))
#18 /Users/varshabairwa/.bitnami/stackman/machines/xampp/volumes/root/htdocs/satta/vendor/laravel/framework/src/Illuminate/Pipeline/Pipeline.php(128): Illuminate\\Foundation\\Http\\Kernel->Illuminate\\Foundation\\Http\\{closure}(Object(Illuminate\\Http\\Request))
#19 /Users/varshabairwa/.bitnami/stackman/machines/xampp/volumes/root/htdocs/satta/vendor/laravel/framework/src/Illuminate/Foundation/Http/Middleware/TransformsRequest.php(21): Illuminate\\Pipeline\\Pipeline->Illuminate\\Pipeline\\{closure}(Object(Illuminate\\Http\\Request))
#20 /Users/varshabairwa/.bitnami/stackman/machines/xampp/volumes/root/htdocs/satta/vendor/laravel/framework/src/Illuminate/Pipeline/Pipeline.php(167): Illuminate\\Foundation\\Http\\Middleware\\TransformsRequest->handle(Object(Illuminate\\Http\\Request), Object(Closure))
#21 /Users/varshabairwa/.bitnami/stackman/machines/xampp/volumes/root/htdocs/satta/vendor/laravel/framework/src/Illuminate/Foundation/Http/Middleware/TransformsRequest.php(21): Illuminate\\Pipeline\\Pipeline->Illuminate\\Pipeline\\{closure}(Object(Illuminate\\Http\\Request))
#22 /Users/varshabairwa/.bitnami/stackman/machines/xampp/volumes/root/htdocs/satta/vendor/laravel/framework/src/Illuminate/Pipeline/Pipeline.php(167): Illuminate\\Foundation\\Http\\Middleware\\TransformsRequest->handle(Object(Illuminate\\Http\\Request), Object(Closure))
#23 /Users/varshabairwa/.bitnami/stackman/machines/xampp/volumes/root/htdocs/satta/vendor/laravel/framework/src/Illuminate/Foundation/Http/Middleware/ValidatePostSize.php(27): Illuminate\\Pipeline\\Pipeline->Illuminate\\Pipeline\\{closure}(Object(Illuminate\\Http\\Request))
#24 /Users/varshabairwa/.bitnami/stackman/machines/xampp/volumes/root/htdocs/satta/vendor/laravel/framework/src/Illuminate/Pipeline/Pipeline.php(167): Illuminate\\Foundation\\Http\\Middleware\\ValidatePostSize->handle(Object(Illuminate\\Http\\Request), Object(Closure))
#25 /Users/varshabairwa/.bitnami/stackman/machines/xampp/volumes/root/htdocs/satta/vendor/laravel/framework/src/Illuminate/Foundation/Http/Middleware/PreventRequestsDuringMaintenance.php(86): Illuminate\\Pipeline\\Pipeline->Illuminate\\Pipeline\\{closure}(Object(Illuminate\\Http\\Request))
#26 /Users/varshabairwa/.bitnami/stackman/machines/xampp/volumes/root/htdocs/satta/vendor/laravel/framework/src/Illuminate/Pipeline/Pipeline.php(167): Illuminate\\Foundation\\Http\\Middleware\\PreventRequestsDuringMaintenance->handle(Object(Illuminate\\Http\\Request), Object(Closure))
#27 /Users/varshabairwa/.bitnami/stackman/machines/xampp/volumes/root/htdocs/satta/vendor/fruitcake/laravel-cors/src/HandleCors.php(37): Illuminate\\Pipeline\\Pipeline->Illuminate\\Pipeline\\{closure}(Object(Illuminate\\Http\\Request))
#28 /Users/varshabairwa/.bitnami/stackman/machines/xampp/volumes/root/htdocs/satta/vendor/laravel/framework/src/Illuminate/Pipeline/Pipeline.php(167): Fruitcake\\Cors\\HandleCors->handle(Object(Illuminate\\Http\\Request), Object(Closure))
#29 /Users/varshabairwa/.bitnami/stackman/machines/xampp/volumes/root/htdocs/satta/vendor/fideloper/proxy/src/TrustProxies.php(57): Illuminate\\Pipeline\\Pipeline->Illuminate\\Pipeline\\{closure}(Object(Illuminate\\Http\\Request))
#30 /Users/varshabairwa/.bitnami/stackman/machines/xampp/volumes/root/htdocs/satta/vendor/laravel/framework/src/Illuminate/Pipeline/Pipeline.php(167): Fideloper\\Proxy\\TrustProxies->handle(Object(Illuminate\\Http\\Request), Object(Closure))
#31 /Users/varshabairwa/.bitnami/stackman/machines/xampp/volumes/root/htdocs/satta/vendor/laravel/framework/src/Illuminate/Pipeline/Pipeline.php(103): Illuminate\\Pipeline\\Pipeline->Illuminate\\Pipeline\\{closure}(Object(Illuminate\\Http\\Request))
#32 /Users/varshabairwa/.bitnami/stackman/machines/xampp/volumes/root/htdocs/satta/vendor/laravel/framework/src/Illuminate/Foundation/Http/Kernel.php(141): Illuminate\\Pipeline\\Pipeline->then(Object(Closure))
#33 /Users/varshabairwa/.bitnami/stackman/machines/xampp/volumes/root/htdocs/satta/vendor/laravel/framework/src/Illuminate/Foundation/Http/Kernel.php(110): Illuminate\\Foundation\\Http\\Kernel->sendRequestThroughRouter(Object(Illuminate\\Http\\Request))
#34 /Users/varshabairwa/.bitnami/stackman/machines/xampp/volumes/root/htdocs/satta/public/index.php(52): Illuminate\\Foundation\\Http\\Kernel->handle(Object(Illuminate\\Http\\Request))
#35 /Users/varshabairwa/.bitnami/stackman/machines/xampp/volumes/root/htdocs/satta/server.php(21): require_once('/Users/varshaba...')
#36 {main}
"} 
